\BOOKMARK [0][-]{chapter.1}{Introduction}{}% 1
\BOOKMARK [1][-]{section.1.1}{Motivations for study of WDM}{chapter.1}% 2
\BOOKMARK [1][-]{section.1.2}{Experimental Generation of WDM}{chapter.1}% 3
\BOOKMARK [1][-]{section.1.3}{X-ray diagnostics of WDM}{chapter.1}% 4
\BOOKMARK [1][-]{section.1.4}{Dissertation Outline}{chapter.1}% 5
\BOOKMARK [0][-]{chapter.2}{Physics of PENELOPE}{}% 6
\BOOKMARK [1][-]{section.2.1}{Types of interactions}{chapter.2}% 7
\BOOKMARK [1][-]{section.2.2}{Inelastic scattering}{chapter.2}% 8
\BOOKMARK [1][-]{section.2.3}{Accuracy and useful regimes}{chapter.2}% 9
\BOOKMARK [1][-]{section.2.4}{Inelastic scattering}{chapter.2}% 10
\BOOKMARK [1][-]{section.2.5}{Dosimetry}{chapter.2}% 11
\BOOKMARK [0][-]{chapter.3}{Nonlocal Heat Transport and Improved Target Design for X-ray Heating Studies at X-ray Free Electron Lasers}{}% 12
\BOOKMARK [1][-]{section.3.1}{I. Introduction}{chapter.3}% 13
\BOOKMARK [1][-]{section.3.2}{II. Methods}{chapter.3}% 14
\BOOKMARK [1][-]{section.3.3}{III. Results and discussion}{chapter.3}% 15
\BOOKMARK [1][-]{section.3.4}{IV. Conclusion}{chapter.3}% 16
\BOOKMARK [0][-]{chapter.4}{A Photometric Study of Energy-Dispersive X-ray Diffraction at a Laser Plasma Facility}{}% 17
\BOOKMARK [1][-]{section.4.1}{I Introduction}{chapter.4}% 18
\BOOKMARK [1][-]{section.4.2}{II Methods}{chapter.4}% 19
\BOOKMARK [1][-]{section.4.3}{III Results and discussion}{chapter.4}% 20
\BOOKMARK [1][-]{section.4.4}{IV. Conclusions}{chapter.4}% 21
\BOOKMARK [0][-]{chapter.5}{X-ray Free Electron Laser-Based Studies of WDM}{}% 22
\BOOKMARK [1][-]{section.5.1}{X-ray Free Electron Lasers}{chapter.5}% 23
\BOOKMARK [1][-]{section.5.2}{HED physics at XFEL facilities}{chapter.5}% 24
\BOOKMARK [1][-]{section.5.3}{Scientific Directions}{chapter.5}% 25
\BOOKMARK [1][-]{section.5.4}{Design of an XFEL heating experiment}{chapter.5}% 26
\BOOKMARK [1][-]{section.5.5}{Experimental Work}{chapter.5}% 27
\BOOKMARK [0][-]{chapter.6}{ Mapping Species-Specific Ionization in Warm Dense Crystalline MgO Under Extreme X-ray Heating }{}% 28
\BOOKMARK [0][-]{chapter.7}{A Disposable X-ray Camera Based on Mass Produced CMOS Sensors and Single-Board Computers}{}% 29
\BOOKMARK [1][-]{section.7.1}{Introduction}{chapter.7}% 30
\BOOKMARK [1][-]{section.7.2}{Methods, Results, and Discussion}{chapter.7}% 31
\BOOKMARK [1][-]{section.7.3}{Conclusions}{chapter.7}% 32
\BOOKMARK [0][-]{chapter.8}{A Color X-ray Camera for 2-6 keV Using a Mass-Produced CMOS Sensor}{}% 33
\BOOKMARK [1][-]{section.8.1}{I. Introduction}{chapter.8}% 34
\BOOKMARK [1][-]{section.8.2}{II. Experimental }{chapter.8}% 35
\BOOKMARK [1][-]{section.8.3}{III. Results and Discussion}{chapter.8}% 36
\BOOKMARK [1][-]{section.8.4}{IV. Conclusions and Future Directions}{chapter.8}% 37
\BOOKMARK [1][-]{section.8.5}{References}{chapter.8}% 38
\BOOKMARK [0][-]{chapter.9}{Real-time analysis tools for the LCLS}{}% 39
\BOOKMARK [1][-]{section.9.1}{Integration of Logging and Analysis}{chapter.9}% 40
\BOOKMARK [1][-]{section.9.2}{Interactive Distributed Computing}{chapter.9}% 41
\BOOKMARK [1][-]{section.9.3}{API features}{chapter.9}% 42
\BOOKMARK [0][-]{chapter*.5}{References}{}% 43
