This is pdfTeX, Version 3.14159265-2.6-1.40.15 (TeX Live 2014) (preloaded format=pdflatex 2016.10.9)  16 AUG 2017 14:18
entering extended mode
 restricted \write18 enabled.
 %&-line parsing enabled.
**uwthesis.tex
(./uwthesis.tex
LaTeX2e <2011/06/27>
Babel <3.9k> and hyphenation patterns for 75 languages loaded.
(./uwthesis.cls
Document Class: uwthesis 2015/03/03
\tf@not=\write3
(/usr/share/texlive/texmf-dist/tex/latex/base/book.cls
Document Class: book 2007/10/19 v1.4h Standard LaTeX document class
(/usr/share/texlive/texmf-dist/tex/latex/base/bk12.clo
File: bk12.clo 2007/10/19 v1.4h Standard LaTeX file (size option)
)
\c@part=\count79
\c@chapter=\count80
\c@section=\count81
\c@subsection=\count82
\c@subsubsection=\count83
\c@paragraph=\count84
\c@subparagraph=\count85
\c@figure=\count86
\c@table=\count87
\abovecaptionskip=\skip41
\belowcaptionskip=\skip42
\bibindent=\dimen102
)
Formatting for ProQuest
\botmargin=\dimen103
\@@wholepage=\box26
\@Chair=\count88
\@Sign=\count89
\abs@savebox=\box27
)

LaTeX Warning: You have requested, on input line 43, version
               `2016/11/22' of document class uwthesis,
               but only version
               `2015/03/03'
               is available.

(/usr/share/texlive/texmf-dist/tex/latex/biblatex/biblatex.sty
Package: biblatex 2013/11/25 v2.8a programmable bibliographies (PK/JW/AB)

(/usr/share/texlive/texmf-dist/tex/latex/biblatex/biblatex1.sty
Package: biblatex1 2013/11/25 v2.8a programmable bibliographies (bibtex) (PK/JW
/AB)

(/usr/share/texlive/texmf-dist/tex/latex/etoolbox/etoolbox.sty
Package: etoolbox 2011/01/03 v2.1 e-TeX tools for LaTeX

(/usr/share/texlive/texmf-dist/tex/latex/etex-pkg/etex.sty
Package: etex 1998/03/26 v2.0 eTeX basic definition package (PEB)
\et@xins=\count90
)
\etb@tempcnta=\count91
)
(/usr/share/texlive/texmf-dist/tex/latex/graphics/keyval.sty
Package: keyval 1999/03/16 v1.13 key=value parser (DPC)
\KV@toks@=\toks14
)
(/usr/share/texlive/texmf-dist/tex/latex/logreq/logreq.sty
Package: logreq 2010/08/04 v1.0 xml request logger
\lrq@indent=\count92

(/usr/share/texlive/texmf-dist/tex/latex/logreq/logreq.def
File: logreq.def 2010/08/04 v1.0 logreq spec v1.0
))
(/usr/share/texlive/texmf-dist/tex/latex/base/ifthen.sty
Package: ifthen 2001/05/26 v1.1c Standard LaTeX ifthen package (DPC)
)
(/usr/share/texlive/texmf-dist/tex/latex/url/url.sty
\Urlmuskip=\muskip10
Package: url 2013/09/16  ver 3.4  Verb mode for urls, etc.
)
\c@tabx@nest=\count93
\c@listtotal=\count94
\c@listcount=\count95
\c@liststart=\count96
\c@liststop=\count97
\c@citecount=\count98
\c@citetotal=\count99
\c@multicitecount=\count100
\c@multicitetotal=\count101
\c@instcount=\count102
\c@maxnames=\count103
\c@minnames=\count104
\c@maxitems=\count105
\c@minitems=\count106
\c@citecounter=\count107
\c@savedcitecounter=\count108
\c@uniquelist=\count109
\c@uniquename=\count110
\c@refsection=\count111
\c@refsegment=\count112
\c@maxextrayear=\count113
\c@maxextraalpha=\count114
\c@abbrvpenalty=\count115
\c@highnamepenalty=\count116
\c@lownamepenalty=\count117
\c@maxparens=\count118
\c@parenlevel=\count119
\blx@tempcnta=\count120
\blx@tempcntb=\count121
\blx@tempcntc=\count122
\blx@maxsection=\count123
\blx@maxsegment=\count124
\blx@notetype=\count125
\blx@parenlevel@text=\count126
\blx@parenlevel@foot=\count127
\labelnumberwidth=\skip43
\labelalphawidth=\skip44
\shorthandwidth=\skip45
\biblabelsep=\skip46
\bibitemsep=\skip47
\bibnamesep=\skip48
\bibinitsep=\skip49
\bibparsep=\skip50
\bibhang=\skip51
\blx@auxin=\read1
\blx@auxout=\write4
\c@mincomprange=\count128
\c@maxcomprange=\count129
\c@mincompwidth=\count130
\c@labelname=\count131
\c@savedlabelname=\count132
\c@author=\count133
\c@savedauthor=\count134
\c@shortauthor=\count135
\c@savedshortauthor=\count136
\c@editor=\count137
\c@savededitor=\count138
\c@editora=\count139
\c@savededitora=\count140
\c@editorb=\count141
\c@savededitorb=\count142
\c@editorc=\count143
\c@savededitorc=\count144
\c@shorteditor=\count145
\c@savedshorteditor=\count146
\c@bookauthor=\count147
\c@savedbookauthor=\count148
\c@translator=\count149
\c@savedtranslator=\count150
\c@annotator=\count151
\c@savedannotator=\count152
\c@commentator=\count153
\c@savedcommentator=\count154
\c@introduction=\count155
\c@savedintroduction=\count156
\c@foreword=\count157
\c@savedforeword=\count158
\c@afterword=\count159
\c@savedafterword=\count160
\c@holder=\count161
\c@savedholder=\count162
\c@namea=\count163
\c@savednamea=\count164
\c@nameb=\count165
\c@savednameb=\count166
\c@namec=\count167
\c@savednamec=\count168
\c@institution=\count169
\c@savedinstitution=\count170
\c@language=\count171
\c@savedlanguage=\count172
\c@location=\count173
\c@savedlocation=\count174
\c@organization=\count175
\c@savedorganization=\count176
\c@origlocation=\count177
\c@savedoriglocation=\count178
\c@origpublisher=\count179
\c@savedorigpublisher=\count180
\c@pageref=\count181
\c@savedpageref=\count182
\c@publisher=\count183
\c@savedpublisher=\count184
\c@lista=\count185
\c@savedlista=\count186
\c@listb=\count187
\c@savedlistb=\count188
\c@listc=\count189
\c@savedlistc=\count190
\c@listd=\count191
\c@savedlistd=\count192
\c@liste=\count193
\c@savedliste=\count194
\c@listf=\count195
\c@savedlistf=\count196
Package biblatex Info: Trying to load compatibility code...
Package biblatex Info: ... file 'blx-compat.def' found.

(/usr/share/texlive/texmf-dist/tex/latex/biblatex/blx-compat.def
File: blx-compat.def 2013/11/25 v2.8a biblatex compatibility (PK/JW/AB)
)
Package biblatex Info: Trying to load generic definitions...
Package biblatex Info: ... file 'biblatex.def' found.

(/usr/share/texlive/texmf-dist/tex/latex/biblatex/biblatex.def
File: biblatex.def 
\c@textcitecount=\count197
\c@textcitetotal=\count198
\c@textcitemaxnames=\count199
\c@biburlnumpenalty=\count200
\c@biburlucpenalty=\count201
\c@biburllcpenalty=\count202
\c@smartand=\count203
)
Package biblatex Info: Trying to load bibliography style 'numeric'...
Package biblatex Info: ... file 'numeric.bbx' found.

(/usr/share/texlive/texmf-dist/tex/latex/biblatex/bbx/numeric.bbx
File: numeric.bbx 2013/11/25 v2.8a biblatex bibliography style (PK/JW/AB)
Package biblatex Info: Trying to load bibliography style 'standard'...
Package biblatex Info: ... file 'standard.bbx' found.

(/usr/share/texlive/texmf-dist/tex/latex/biblatex/bbx/standard.bbx
File: standard.bbx 2013/11/25 v2.8a biblatex bibliography style (PK/JW/AB)
\c@bbx:relatedcount=\count204
\c@bbx:relatedtotal=\count205
))
Package biblatex Info: Trying to load citation style 'numeric'...
Package biblatex Info: ... file 'numeric.cbx' found.

(/usr/share/texlive/texmf-dist/tex/latex/biblatex/cbx/numeric.cbx
File: numeric.cbx 2013/11/25 v2.8a biblatex citation style (PK/JW/AB)
Package biblatex Info: Redefining '\cite'.
Package biblatex Info: Redefining '\parencite'.
Package biblatex Info: Redefining '\footcite'.
Package biblatex Info: Redefining '\footcitetext'.
Package biblatex Info: Redefining '\smartcite'.
Package biblatex Info: Redefining '\supercite'.
Package biblatex Info: Redefining '\textcite'.
Package biblatex Info: Redefining '\textcites'.
Package biblatex Info: Redefining '\cites'.
Package biblatex Info: Redefining '\parencites'.
Package biblatex Info: Redefining '\smartcites'.
)
Package biblatex Info: Trying to load configuration file...
Package biblatex Info: ... file 'biblatex.cfg' found.

(/usr/share/texlive/texmf-dist/tex/latex/biblatex/biblatex.cfg
File: biblatex.cfg 
)))
(/usr/share/texlive/texmf-dist/tex/latex/preprint/authblk.sty
Package: authblk 2001/02/27 1.3 (PWD)
\affilsep=\skip52
\@affilsep=\skip53
\c@Maxaffil=\count206
\c@authors=\count207
\c@affil=\count208
)
(/usr/share/texlive/texmf-dist/tex/latex/notoccite/notoccite.sty
Package: notoccite 2000/07/20
)
(/usr/share/texlive/texmf-dist/tex/latex/koma-script/scrextend.sty
Package: scrextend 2013/12/19 v3.12 KOMA-Script KOMA-Script package (extend oth
er classes with features of KOMA-Script classes)

(/usr/share/texlive/texmf-dist/tex/latex/koma-script/scrkbase.sty
Package: scrkbase 2013/12/19 v3.12 KOMA-Script package (KOMA-Script-dependent b
asics and keyval usage)

(/usr/share/texlive/texmf-dist/tex/latex/koma-script/scrbase.sty
Package: scrbase 2013/12/19 v3.12 KOMA-Script package (KOMA-Script-independent 
basics and keyval usage)

(/usr/share/texlive/texmf-dist/tex/latex/koma-script/scrlfile.sty
Package: scrlfile 2013/12/19 v3.12 KOMA-Script package (loading files)

Package scrlfile, 2013/12/19 v3.12 KOMA-Script package (loading files)
                  Copyright (C) Markus Kohm

)))) (/usr/share/texlive/texmf-dist/tex/latex/placeins/placeins.sty
Package: placeins 2005/04/18  v 2.2
)
(/usr/share/texlive/texmf-dist/tex/latex/amsmath/amsmath.sty
Package: amsmath 2013/01/14 v2.14 AMS math features
\@mathmargin=\skip54

For additional information on amsmath, use the `?' option.
(/usr/share/texlive/texmf-dist/tex/latex/amsmath/amstext.sty
Package: amstext 2000/06/29 v2.01

(/usr/share/texlive/texmf-dist/tex/latex/amsmath/amsgen.sty
File: amsgen.sty 1999/11/30 v2.0
\@emptytoks=\toks15
\ex@=\dimen104
))
(/usr/share/texlive/texmf-dist/tex/latex/amsmath/amsbsy.sty
Package: amsbsy 1999/11/29 v1.2d
\pmbraise@=\dimen105
)
(/usr/share/texlive/texmf-dist/tex/latex/amsmath/amsopn.sty
Package: amsopn 1999/12/14 v2.01 operator names
)
\inf@bad=\count209
LaTeX Info: Redefining \frac on input line 210.
\uproot@=\count210
\leftroot@=\count211
LaTeX Info: Redefining \overline on input line 306.
\classnum@=\count212
\DOTSCASE@=\count213
LaTeX Info: Redefining \ldots on input line 378.
LaTeX Info: Redefining \dots on input line 381.
LaTeX Info: Redefining \cdots on input line 466.
\Mathstrutbox@=\box28
\strutbox@=\box29
\big@size=\dimen106
LaTeX Font Info:    Redeclaring font encoding OML on input line 566.
LaTeX Font Info:    Redeclaring font encoding OMS on input line 567.
\macc@depth=\count214
\c@MaxMatrixCols=\count215
\dotsspace@=\muskip11
\c@parentequation=\count216
\dspbrk@lvl=\count217
\tag@help=\toks16
\row@=\count218
\column@=\count219
\maxfields@=\count220
\andhelp@=\toks17
\eqnshift@=\dimen107
\alignsep@=\dimen108
\tagshift@=\dimen109
\tagwidth@=\dimen110
\totwidth@=\dimen111
\lineht@=\dimen112
\@envbody=\toks18
\multlinegap=\skip55
\multlinetaggap=\skip56
\mathdisplay@stack=\toks19
LaTeX Info: Redefining \[ on input line 2665.
LaTeX Info: Redefining \] on input line 2666.
)
(/usr/share/texlive/texmf-dist/tex/latex/base/fixltx2e.sty
Package: fixltx2e 2006/09/13 v1.1m fixes to LaTeX
LaTeX Info: Redefining \em on input line 420.
LaTeX Info: Redefining \textsubscript on input line 424.
LaTeX Info: The control sequence `\[' is already robust on input line 471.
LaTeX Info: The control sequence `\]' is already robust on input line 472.
)
(/usr/share/texlive/texmf-dist/tex/latex/hyperref/hyperref.sty
Package: hyperref 2012/11/06 v6.83m Hypertext links for LaTeX

(/usr/share/texlive/texmf-dist/tex/generic/oberdiek/hobsub-hyperref.sty
Package: hobsub-hyperref 2012/05/28 v1.13 Bundle oberdiek, subset hyperref (HO)


(/usr/share/texlive/texmf-dist/tex/generic/oberdiek/hobsub-generic.sty
Package: hobsub-generic 2012/05/28 v1.13 Bundle oberdiek, subset generic (HO)
Package: hobsub 2012/05/28 v1.13 Construct package bundles (HO)
Package: infwarerr 2010/04/08 v1.3 Providing info/warning/error messages (HO)
Package: ltxcmds 2011/11/09 v1.22 LaTeX kernel commands for general use (HO)
Package: ifluatex 2010/03/01 v1.3 Provides the ifluatex switch (HO)
Package ifluatex Info: LuaTeX not detected.
Package: ifvtex 2010/03/01 v1.5 Detect VTeX and its facilities (HO)
Package ifvtex Info: VTeX not detected.
Package: intcalc 2007/09/27 v1.1 Expandable calculations with integers (HO)
Package: ifpdf 2011/01/30 v2.3 Provides the ifpdf switch (HO)
Package ifpdf Info: pdfTeX in PDF mode is detected.
Package: etexcmds 2011/02/16 v1.5 Avoid name clashes with e-TeX commands (HO)
Package etexcmds Info: Could not find \expanded.
(etexcmds)             That can mean that you are not using pdfTeX 1.50 or
(etexcmds)             that some package has redefined \expanded.
(etexcmds)             In the latter case, load this package earlier.
Package: kvsetkeys 2012/04/25 v1.16 Key value parser (HO)
Package: kvdefinekeys 2011/04/07 v1.3 Define keys (HO)
Package: pdftexcmds 2011/11/29 v0.20 Utility functions of pdfTeX for LuaTeX (HO
)
Package pdftexcmds Info: LuaTeX not detected.
Package pdftexcmds Info: \pdf@primitive is available.
Package pdftexcmds Info: \pdf@ifprimitive is available.
Package pdftexcmds Info: \pdfdraftmode found.
Package: pdfescape 2011/11/25 v1.13 Implements pdfTeX's escape features (HO)
Package: bigintcalc 2012/04/08 v1.3 Expandable calculations on big integers (HO
)
Package: bitset 2011/01/30 v1.1 Handle bit-vector datatype (HO)
Package: uniquecounter 2011/01/30 v1.2 Provide unlimited unique counter (HO)
)
Package hobsub Info: Skipping package `hobsub' (already loaded).
Package: letltxmacro 2010/09/02 v1.4 Let assignment for LaTeX macros (HO)
Package: hopatch 2012/05/28 v1.2 Wrapper for package hooks (HO)
Package: xcolor-patch 2011/01/30 xcolor patch
Package: atveryend 2011/06/30 v1.8 Hooks at the very end of document (HO)
Package: atbegshi 2011/10/05 v1.16 At begin shipout hook (HO)
Package: refcount 2011/10/16 v3.4 Data extraction from label references (HO)
Package: hycolor 2011/01/30 v1.7 Color options for hyperref/bookmark (HO)
)
(/usr/share/texlive/texmf-dist/tex/generic/ifxetex/ifxetex.sty
Package: ifxetex 2010/09/12 v0.6 Provides ifxetex conditional
)
(/usr/share/texlive/texmf-dist/tex/latex/oberdiek/auxhook.sty
Package: auxhook 2011/03/04 v1.3 Hooks for auxiliary files (HO)
)
(/usr/share/texlive/texmf-dist/tex/latex/oberdiek/kvoptions.sty
Package: kvoptions 2011/06/30 v3.11 Key value format for package options (HO)
)
\@linkdim=\dimen113
\Hy@linkcounter=\count221
\Hy@pagecounter=\count222

(/usr/share/texlive/texmf-dist/tex/latex/hyperref/pd1enc.def
File: pd1enc.def 2012/11/06 v6.83m Hyperref: PDFDocEncoding definition (HO)
)
\Hy@SavedSpaceFactor=\count223

(/usr/share/texlive/texmf-dist/tex/latex/latexconfig/hyperref.cfg
File: hyperref.cfg 2002/06/06 v1.2 hyperref configuration of TeXLive
)
Package hyperref Info: Hyper figures OFF on input line 4443.
Package hyperref Info: Link nesting OFF on input line 4448.
Package hyperref Info: Hyper index ON on input line 4451.
Package hyperref Info: Plain pages OFF on input line 4458.
Package hyperref Info: Backreferencing OFF on input line 4463.
Package hyperref Info: Implicit mode ON; LaTeX internals redefined.
Package hyperref Info: Bookmarks ON on input line 4688.
\c@Hy@tempcnt=\count224
LaTeX Info: Redefining \url on input line 5041.
\XeTeXLinkMargin=\dimen114
\Fld@menulength=\count225
\Field@Width=\dimen115
\Fld@charsize=\dimen116
Package hyperref Info: Hyper figures OFF on input line 6295.
Package hyperref Info: Link nesting OFF on input line 6300.
Package hyperref Info: Hyper index ON on input line 6303.
Package hyperref Info: backreferencing OFF on input line 6310.
Package hyperref Info: Link coloring OFF on input line 6315.
Package hyperref Info: Link coloring with OCG OFF on input line 6320.
Package hyperref Info: PDF/A mode OFF on input line 6325.
LaTeX Info: Redefining \ref on input line 6365.
LaTeX Info: Redefining \pageref on input line 6369.
\Hy@abspage=\count226
\c@Item=\count227
\c@Hfootnote=\count228
)

Package hyperref Message: Driver (autodetected): hpdftex.

(/usr/share/texlive/texmf-dist/tex/latex/hyperref/hpdftex.def
File: hpdftex.def 2012/11/06 v6.83m Hyperref driver for pdfTeX
\Fld@listcount=\count229
\c@bookmark@seq@number=\count230

(/usr/share/texlive/texmf-dist/tex/latex/oberdiek/rerunfilecheck.sty
Package: rerunfilecheck 2011/04/15 v1.7 Rerun checks for auxiliary files (HO)
Package uniquecounter Info: New unique counter `rerunfilecheck' on input line 2
82.
)
\Hy@SectionHShift=\skip57
)
(/usr/share/texlive/texmf-dist/tex/latex/graphics/graphicx.sty
Package: graphicx 1999/02/16 v1.0f Enhanced LaTeX Graphics (DPC,SPQR)

(/usr/share/texlive/texmf-dist/tex/latex/graphics/graphics.sty
Package: graphics 2009/02/05 v1.0o Standard LaTeX Graphics (DPC,SPQR)

(/usr/share/texlive/texmf-dist/tex/latex/graphics/trig.sty
Package: trig 1999/03/16 v1.09 sin cos tan (DPC)
)
(/usr/share/texlive/texmf-dist/tex/latex/latexconfig/graphics.cfg
File: graphics.cfg 2010/04/23 v1.9 graphics configuration of TeX Live
)
Package graphics Info: Driver file: pdftex.def on input line 91.

(/usr/share/texlive/texmf-dist/tex/latex/pdftex-def/pdftex.def
File: pdftex.def 2011/05/27 v0.06d Graphics/color for pdfTeX
\Gread@gobject=\count231
))
\Gin@req@height=\dimen117
\Gin@req@width=\dimen118
)
(/usr/share/texlive/texmf-dist/tex/latex/base/alltt.sty
Package: alltt 1997/06/16 v2.0g defines alltt environment
)
Package hyperref Info: Option `colorlinks' set `true' on input line 91.
Package biblatex Info: Trying to load language 'english'...
Package biblatex Info: ... file 'english.lbx' found.

(/usr/share/texlive/texmf-dist/tex/latex/biblatex/lbx/english.lbx
File: english.lbx 2013/11/25 v2.8a biblatex localization (PK/JW/AB)
)
\@quotelevel=\count232
\@quotereset=\count233


LaTeX Warning: Unused global option(s):
    [article].

(./uwthesis.aux)
\openout1 = `uwthesis.aux'.

LaTeX Font Info:    Checking defaults for OML/cmm/m/it on input line 102.
LaTeX Font Info:    ... okay on input line 102.
LaTeX Font Info:    Checking defaults for T1/cmr/m/n on input line 102.
LaTeX Font Info:    ... okay on input line 102.
LaTeX Font Info:    Checking defaults for OT1/cmr/m/n on input line 102.
LaTeX Font Info:    ... okay on input line 102.
LaTeX Font Info:    Checking defaults for OMS/cmsy/m/n on input line 102.
LaTeX Font Info:    ... okay on input line 102.
LaTeX Font Info:    Checking defaults for OMX/cmex/m/n on input line 102.
LaTeX Font Info:    ... okay on input line 102.
LaTeX Font Info:    Checking defaults for U/cmr/m/n on input line 102.
LaTeX Font Info:    ... okay on input line 102.
LaTeX Font Info:    Checking defaults for PD1/pdf/m/n on input line 102.
LaTeX Font Info:    ... okay on input line 102.
Package biblatex Info: No input encoding detected.
(biblatex)             Assuming 'ascii'.
Package biblatex Info: Automatic encoding selection.
(biblatex)             Assuming data encoding 'ascii'.
\openout4 = `uwthesis-blx.bib'.

Package biblatex Info: Trying to load bibliographic data...
Package biblatex Info: ... file 'uwthesis.bbl' found.
 (./uwthesis.bbl

Package biblatex Warning: BibTeX reported the following issues
(biblatex)                with 'PhysRevLett.100.174801':
(biblatex)                - Invalid format of field 'month'.

)
Package biblatex Info: Reference section=0 on input line 102.
Package biblatex Info: Reference segment=0 on input line 102.
\AtBeginShipoutBox=\box30
 (/usr/share/texlive/texmf-dist/tex/latex/graphics/color.sty
Package: color 2005/11/14 v1.0j Standard LaTeX Color (DPC)

(/usr/share/texlive/texmf-dist/tex/latex/latexconfig/color.cfg
File: color.cfg 2007/01/18 v1.5 color configuration of teTeX/TeXLive
)
Package color Info: Driver file: pdftex.def on input line 130.
)
Package hyperref Info: Link coloring ON on input line 102.

(/usr/share/texlive/texmf-dist/tex/latex/hyperref/nameref.sty
Package: nameref 2012/10/27 v2.43 Cross-referencing by name of section

(/usr/share/texlive/texmf-dist/tex/generic/oberdiek/gettitlestring.sty
Package: gettitlestring 2010/12/03 v1.4 Cleanup title references (HO)
)
Normal \count register pool exhausted, switching to extended pool.
\c@section@level=\count277
)
LaTeX Info: Redefining \ref on input line 102.
LaTeX Info: Redefining \pageref on input line 102.
LaTeX Info: Redefining \nameref on input line 102.

(./uwthesis.out) (./uwthesis.out)
\@outlinefile=\write5
\openout5 = `uwthesis.out'.


(/usr/share/texlive/texmf-dist/tex/context/base/supp-pdf.mkii
[Loading MPS to PDF converter (version 2006.09.02).]
\scratchcounter=\count278
\scratchdimen=\dimen119
\scratchbox=\box31
\nofMPsegments=\count279
\nofMParguments=\count280
\everyMPshowfont=\toks20
\MPscratchCnt=\count281
\MPscratchDim=\dimen120
\MPnumerator=\count282
\makeMPintoPDFobject=\count283
\everyMPtoPDFconversion=\toks21
) (/usr/share/texlive/texmf-dist/tex/latex/oberdiek/epstopdf-base.sty
Package: epstopdf-base 2010/02/09 v2.5 Base part for package epstopdf

(/usr/share/texlive/texmf-dist/tex/latex/oberdiek/grfext.sty
Package: grfext 2010/08/19 v1.1 Manage graphics extensions (HO)
)
Package grfext Info: Graphics extension search list:
(grfext)             [.png,.pdf,.jpg,.mps,.jpeg,.jbig2,.jb2,.PNG,.PDF,.JPG,.JPE
G,.JBIG2,.JB2,.eps]
(grfext)             \AppendGraphicsExtensions on input line 452.

(/usr/share/texlive/texmf-dist/tex/latex/latexconfig/epstopdf-sys.cfg
File: epstopdf-sys.cfg 2010/07/13 v1.3 Configuration of (r)epstopdf for TeX Liv
e
))
LaTeX Font Info:    Try loading font information for OMS+cmr on input line 123.


(/usr/share/texlive/texmf-dist/tex/latex/base/omscmr.fd
File: omscmr.fd 1999/05/25 v2.5h Standard LaTeX font definitions
)
LaTeX Font Info:    Font shape `OMS/cmr/m/n' in size <12> not available
(Font)              Font shape `OMS/cmsy/m/n' tried instead on input line 123.
 [1

{/usr/share/texlive/texmf-dist/fonts/map/pdftex/updmap/pdftex.map}] [-1


]pdfTeX warning (ext4): destination with the same identifier (name{page.}) has 
been already used, duplicate ignored
<to be read again> 
                   \relax 
l.141 }
        [0


]pdfTeX warning (ext4): destination with the same identifier (name{page.i}) has
 been already used, duplicate ignored
<to be read again> 
                   \relax 
l.141 }
        [1] (./uwthesis.tocpdfTeX warning (ext4): destination with the same ide
ntifier (name{page.i}) has been already used, duplicate ignored
<to be read again> 
                   \relax 
l.217 ...aser-Based Studies of WDM}{81}{chapter.5}
                                                   [1




] [2])
\tf@toc=\write6
\openout6 = `uwthesis.toc'.

 [3]
<<1>>
<../Figures/atlas.png, id=307, 1355.0625pt x 929.4725pt>
File: ../Figures/atlas.png Graphic file (type png)

<use ../Figures/atlas.png>
Package pdftex.def Info: ../Figures/atlas.png used on input line 244.
(pdftex.def)             Requested size: 338.7648pt x 232.36755pt.


LaTeX Warning: `h' float specifier changed to `ht'.

[1




] [2 <../Figures/atlas.png>]

LaTeX Warning: Command \r invalid in math mode on input line 261.

[3] [4] [5]
<../Figures/wilson_solubility.png, id=369, 340.27126pt x 291.33844pt>
File: ../Figures/wilson_solubility.png Graphic file (type png)

<use ../Figures/wilson_solubility.png>
Package pdftex.def Info: ../Figures/wilson_solubility.png used on input line 29
2.
(pdftex.def)             Requested size: 221.17369pt x 189.36774pt.
 [6 <../Figures/wilson_solubility.png>]
<../Figures/indirect-drive.jpg, id=384, 702.625pt x 171.64125pt>
File: ../Figures/indirect-drive.jpg Graphic file (type jpg)

<use ../Figures/indirect-drive.jpg>
Package pdftex.def Info: ../Figures/indirect-drive.jpg used on input line 311.
(pdftex.def)             Requested size: 351.31163pt x 85.8204pt.
 [7 <../Figures/indirect-drive.jpg>]
[8] [9] [10] [11] [12] [13]
<../Figures/ma_Al.png, id=488, 501.875pt x 421.575pt>
File: ../Figures/ma_Al.png Graphic file (type png)

<use ../Figures/ma_Al.png>
Package pdftex.def Info: ../Figures/ma_Al.png used on input line 432.
(pdftex.def)             Requested size: 250.93687pt x 210.78697pt.


LaTeX Warning: `h' float specifier changed to `ht'.

[14] <../Figures/yaakobi_shock_xafs.png, id=501, 334.24875pt x 544.28343pt>
File: ../Figures/yaakobi_shock_xafs.png Graphic file (type png)

<use ../Figures/yaakobi_shock_xafs.png>
Package pdftex.def Info: ../Figures/yaakobi_shock_xafs.png used on input line 4
50.
(pdftex.def)             Requested size: 200.55078pt x 326.57257pt.


LaTeX Warning: `h' float specifier changed to `ht'.

[15 <../Figures/ma_Al.png>] [16 <../Figures/yaakobi_shock_xafs.png>]
<../Figures/albert_sources.png, id=522, 530.73282pt x 478.03593pt>
File: ../Figures/albert_sources.png Graphic file (type png)

<use ../Figures/albert_sources.png>
Package pdftex.def Info: ../Figures/albert_sources.png used on input line 465.
(pdftex.def)             Requested size: 265.36575pt x 239.01738pt.
 [17 <../Figures/albert_sources.png>]
<../Figures/nilson_branching.png, id=533, 722.7pt x 585.68813pt>
File: ../Figures/nilson_branching.png Graphic file (type png)

<use ../Figures/nilson_branching.png>
Package pdftex.def Info: ../Figures/nilson_branching.png used on input line 477
.
(pdftex.def)             Requested size: 361.3491pt x 292.84334pt.
 [18 <../Figures/nilson_branching.png>]
[19]
<<2>>
<../Figures/collisional_sp.png, id=566, 853.1875pt x 511.9125pt>
File: ../Figures/collisional_sp.png Graphic file (type png)

<use ../Figures/collisional_sp.png>
Package pdftex.def Info: ../Figures/collisional_sp.png used on input line 543.
(pdftex.def)             Requested size: 341.26895pt x 204.76137pt.


LaTeX Warning: `h' float specifier changed to `ht'.

<../Figures/photon_sigma.png, id=568, 255.20343pt x 248.42813pt>
File: ../Figures/photon_sigma.png Graphic file (type png)

<use ../Figures/photon_sigma.png>
Package pdftex.def Info: ../Figures/photon_sigma.png used on input line 550.
(pdftex.def)             Requested size: 255.2028pt x 248.42752pt.


LaTeX Warning: `h' float specifier changed to `ht'.

[20

] <../Figures/penelope_2_2.png, id=581, 810.77907pt x 537.50812pt>
File: ../Figures/penelope_2_2.png Graphic file (type png)

<use ../Figures/penelope_2_2.png>
Package pdftex.def Info: ../Figures/penelope_2_2.png used on input line 565.
(pdftex.def)             Requested size: 324.30588pt x 214.99944pt.


LaTeX Warning: `h' float specifier changed to `ht'.

[21 <../Figures/collisional_sp.png>] [22 <../Figures/photon_sigma.png>]
[23 <../Figures/penelope_2_2.png>]

LaTeX Warning: Command \r invalid in math mode on input line 612.

<../Figures/egerton_3_3.png, id=617, 641.39626pt x 574.39594pt>
File: ../Figures/egerton_3_3.png Graphic file (type png)

<use ../Figures/egerton_3_3.png>
Package pdftex.def Info: ../Figures/egerton_3_3.png used on input line 621.
(pdftex.def)             Requested size: 320.69734pt x 287.19725pt.


LaTeX Warning: `h' float specifier changed to `ht'.

[24] [25 <../Figures/egerton_3_3.png>] [26] [27]
<../Figures/bethe.png, id=675, 673.01437pt x 681.29532pt>
File: ../Figures/bethe.png Graphic file (type png)

<use ../Figures/bethe.png>
Package pdftex.def Info: ../Figures/bethe.png used on input line 722.
(pdftex.def)             Requested size: 336.50636pt x 340.64682pt.


LaTeX Warning: `h' float specifier changed to `ht'.

[28] [29 <../Figures/bethe.png>] [30]
<../Figures/csda.png, id=705, 231.86626pt x 223.58531pt>
File: ../Figures/csda.png Graphic file (type png)

<use ../Figures/csda.png>
Package pdftex.def Info: ../Figures/csda.png used on input line 760.
(pdftex.def)             Requested size: 162.30525pt x 156.50864pt.
 [31 <../Figures/csda.png>] [32]
<../Figures/penelope_3_11.png, id=730, 357.58594pt x 429.10312pt>
File: ../Figures/penelope_3_11.png Graphic file (type png)

<use ../Figures/penelope_3_11.png>
Package pdftex.def Info: ../Figures/penelope_3_11.png used on input line 807.
(pdftex.def)             Requested size: 250.30844pt x 300.37013pt.


LaTeX Warning: `h' float specifier changed to `ht'.

[33] [34 <../Figures/penelope_3_11.png>] (../pandoc/hef.tex [35]
<<3>>
[36

] [37]
LaTeX Font Info:    Try loading font information for OML+cmr on input line 95.
 (/usr/share/texlive/texmf-dist/tex/latex/base/omlcmr.fd
File: omlcmr.fd 1999/05/25 v2.5h Standard LaTeX font definitions
)
LaTeX Font Info:    Font shape `OML/cmr/m/n' in size <12> not available
(Font)              Font shape `OML/cmm/m/it' tried instead on input line 95.
Missing character: There is no ¬ in font cmr12!
Missing character: There is no µ in font cmr12!
 [38]
[39] [40]
Missing character: There is no œ in font cmr12!
Missing character: There is no â in font cmr12!
 [41]
Overfull \hbox (20.79515pt too wide) in paragraph at lines 252--271
\OT1/cmr/m/n/12 35.3 nm, re-spec-tively, in sim-u-lated bare Fe and bare Au tar
-gets, where $\OML/cmm/m/it/12 l \OT1/cmr/m/n/12 =  [][] []$,
 []

[42] [43] [44] [45]
Missing character: There is no √ in font cmr12!
Missing character: There is no § in font cmr12!
 [46]
Missing character: There is no √ in font cmr12!
Missing character: There is no ° in font cmr12!
 [47]
Missing character: There is no √ in font cmr12!
Missing character: There is no ° in font cmr12!
 <hef/image1.png, id=814, 1578.698pt x 740.366pt>
File: hef/image1.png Graphic file (type png)

<use hef/image1.png>
Package pdftex.def Info: hef/image1.png used on input line 537.
(pdftex.def)             Requested size: 315.73401pt x 148.07057pt.
 <hef/image2.jpeg, id=815, 246.7035pt x 143.5545pt>
File: hef/image2.jpeg Graphic file (type jpg)

<use hef/image2.jpeg>
Package pdftex.def Info: hef/image2.jpeg used on input line 552.
(pdftex.def)             Requested size: 246.7029pt x 143.55415pt.


LaTeX Warning: `h' float specifier changed to `ht'.

<hef/image3.png, id=816, 810.1467pt x 1098.2631pt>
File: hef/image3.png Graphic file (type png)
 <use hef/image3.png>
Package pdftex.def Info: hef/image3.png used on input line 569.
(pdftex.def)             Requested size: 243.04588pt x 329.48148pt.


LaTeX Warning: `h' float specifier changed to `ht'.

<hef/image4.png, id=817, 240.9pt x 164.0529pt>
File: hef/image4.png Graphic file (type png)
 <use hef/image4.png>
Package pdftex.def Info: hef/image4.png used on input line 582.
(pdftex.def)             Requested size: 240.8994pt x 164.05249pt.


LaTeX Warning: `h' float specifier changed to `ht'.

<hef/image5.png, id=818, 243.0681pt x 164.0529pt>
File: hef/image5.png Graphic file (type png)
 <use hef/image5.png>
Package pdftex.def Info: hef/image5.png used on input line 601.
(pdftex.def)             Requested size: 243.0675pt x 164.05249pt.


LaTeX Warning: `h' float specifier changed to `ht'.

<hef/image6.jpeg, id=819, 242.433pt x 177.7185pt>
File: hef/image6.jpeg Graphic file (type jpg)
 <use hef/image6.jpeg>
Package pdftex.def Info: hef/image6.jpeg used on input line 614.
(pdftex.def)             Requested size: 242.43239pt x 177.71805pt.


LaTeX Warning: `h' float specifier changed to `ht'.

) [48 <./hef/image1.png>] [49 <./hef/image2.jpeg>] [50 <./hef/image3.png>]
[51 <./hef/image4.png> <./hef/image5.png>] [52 <./hef/image6.jpeg>]
<<4>>
(../pandoc/edxrd.tex

Package hyperref Warning: Suppressing empty link on input line 67.

[53

] [54]
Missing character: There is no Œ in font cmr12!
Missing character: There is no © in font cmr12!
Missing character: There is no Œ in font cmr12!
Missing character: There is no © in font cmr12!
Missing character: There is no Œ in font cmr8!
Missing character: There is no © in font cmr8!
Missing character: There is no Œ in font cmr6!
Missing character: There is no © in font cmr6!
 [55] [56]
Missing character: There is no Œ in font cmti8!
Missing character: There is no ± in font cmti8!
Missing character: There is no Œ in font cmti8!
Missing character: There is no ± in font cmti8!
Missing character: There is no √ in font cmr12!
Missing character: There is no ó in font cmr12!
 [57]
Missing character: There is no √ in font cmr12!
Missing character: There is no Ö in font cmr12!
Missing character: There is no √ in font cmr12!
Missing character: There is no Ö in font cmr12!
 <media/image1.png, id=913, 244.0755pt x 282.51pt>
File: media/image1.png Graphic file (type png)

<use media/image1.png>
Package pdftex.def Info: media/image1.png used on input line 254.
(pdftex.def)             Requested size: 244.07489pt x 282.50931pt.


LaTeX Warning: `h' float specifier changed to `ht'.

Missing character: There is no √ in font cmr12!
Missing character: There is no ó in font cmr12!
[58]
Missing character: There is no √ in font cmr12!
Missing character: There is no ó in font cmr12!
Missing character: There is no √ in font cmr12!
Missing character: There is no ó in font cmr12!
 <media/image4.png, id=937, 244.0755pt x 289.4085pt>
File: media/image4.png Graphic file (type png)

<use media/image4.png>
Package pdftex.def Info: media/image4.png used on input line 304.
(pdftex.def)             Requested size: 244.07489pt x 289.40778pt.


LaTeX Warning: `h' float specifier changed to `ht'.

[59 <./media/image1.png>]
Missing character: There is no œ in font cmr12!
Missing character: There is no Ä in font cmr12!
Missing character: There is no Œ in font cmr12!
Missing character: There is no © in font cmr12!
Missing character: There is no Œ in font cmr12!
Missing character: There is no © in font cmr12!
Missing character: There is no Œ in font cmr8!
Missing character: There is no © in font cmr8!
Missing character: There is no Œ in font cmr6!
Missing character: There is no © in font cmr6!
Missing character: There is no ‚ in font cmr12!
Missing character: There is no Ñ in font cmr12!
Missing character: There is no è in font cmr12!
Missing character: There is no œ in font cmr12!
Missing character: There is no â in font cmr12!
Missing character: There is no ‚ in font cmr12!
Missing character: There is no Ñ in font cmr12!
Missing character: There is no è in font cmr12!
Missing character: There is no œ in font cmr12!
Missing character: There is no â in font cmr12!
Missing character: There is no ‚ in font cmr8!
Missing character: There is no Ñ in font cmr8!
Missing character: There is no è in font cmr8!
Missing character: There is no œ in font cmr8!
Missing character: There is no â in font cmr8!
Missing character: There is no ‚ in font cmr6!
Missing character: There is no Ñ in font cmr6!
Missing character: There is no è in font cmr6!
Missing character: There is no œ in font cmr6!
Missing character: There is no â in font cmr6!
Missing character: There is no œ in font cmr12!
Missing character: There is no â in font cmr12!
Missing character: There is no œ in font cmr12!
Missing character: There is no â in font cmr12!
Missing character: There is no œ in font cmr8!
Missing character: There is no â in font cmr8!
Missing character: There is no œ in font cmr6!
Missing character: There is no â in font cmr6!
 [60] [61]
Missing character: There is no √ in font cmr12!
Missing character: There is no ó in font cmr12!
Missing character: There is no √ in font cmr12!
Missing character: There is no ó in font cmr12!

<media/image2.png, id=968, 244.0755pt x 241.776pt>
File: media/image2.png Graphic file (type png)
 <use media/image2.png>
Package pdftex.def Info: media/image2.png used on input line 458.
(pdftex.def)             Requested size: 244.07489pt x 241.77539pt.


LaTeX Warning: `h' float specifier changed to `ht'.

Missing character: There is no Œ in font cmr12!
Missing character: There is no î in font cmr12!
Missing character: There is no Œ in font cmr12!
Missing character: There is no î in font cmr12!
Missing character: There is no Œ in font cmr8!
Missing character: There is no î in font cmr8!
Missing character: There is no Œ in font cmr6!
Missing character: There is no î in font cmr6!
Missing character: There is no Œ in font cmr12!
Missing character: There is no ∏ in font cmr12!
Missing character: There is no Œ in font cmr12!
Missing character: There is no î in font cmr12!
Missing character: There is no Œ in font cmr12!
Missing character: There is no ∏ in font cmr12!
Missing character: There is no Œ in font cmr12!
Missing character: There is no î in font cmr12!
Missing character: There is no Œ in font cmr8!
Missing character: There is no ∏ in font cmr8!
Missing character: There is no Œ in font cmr8!
Missing character: There is no î in font cmr8!
Missing character: There is no Œ in font cmr6!
Missing character: There is no ∏ in font cmr6!
Missing character: There is no Œ in font cmr6!
Missing character: There is no î in font cmr6!
[62] <media/image6.png, id=978, 244.0755pt x 230.607pt>
File: media/image6.png Graphic file (type png)
 <use media/image6.png>
Package pdftex.def Info: media/image6.png used on input line 500.
(pdftex.def)             Requested size: 244.07489pt x 230.60643pt.


LaTeX Warning: `h' float specifier changed to `ht'.

Missing character: There is no Œ in font cmr12!
Missing character: There is no ¥ in font cmr12!
Missing character: There is no Œ in font cmr12!
Missing character: There is no ¥ in font cmr12!
Missing character: There is no Œ in font cmr8!
Missing character: There is no ¥ in font cmr8!
Missing character: There is no Œ in font cmr6!
Missing character: There is no ¥ in font cmr6!
Missing character: There is no Œ in font cmr12!
Missing character: There is no ¥ in font cmr12!
Missing character: There is no Œ in font cmr12!
Missing character: There is no ¥ in font cmr12!
Missing character: There is no Œ in font cmr8!
Missing character: There is no ¥ in font cmr8!
Missing character: There is no Œ in font cmr6!
Missing character: There is no ¥ in font cmr6!
Missing character: There is no Œ in font cmr12!
Missing character: There is no ¥ in font cmr12!
Missing character: There is no Œ in font cmr12!
Missing character: There is no ¥ in font cmr12!
Missing character: There is no Œ in font cmr8!
Missing character: There is no ¥ in font cmr8!
Missing character: There is no Œ in font cmr6!
Missing character: There is no ¥ in font cmr6!
Missing character: There is no ‚ in font cmr12!
Missing character: There is no Ñ in font cmr12!
Missing character: There is no è in font cmr12!
Missing character: There is no ‚ in font cmr12!
Missing character: There is no Ñ in font cmr12!
Missing character: There is no è in font cmr12!
Missing character: There is no ‚ in font cmr8!
Missing character: There is no Ñ in font cmr8!
Missing character: There is no è in font cmr8!
Missing character: There is no ‚ in font cmr6!
Missing character: There is no Ñ in font cmr6!
Missing character: There is no è in font cmr6!
Missing character: There is no Œ in font cmr12!
Missing character: There is no ∏ in font cmr12!
Missing character: There is no Œ in font cmr12!
Missing character: There is no ∏ in font cmr12!
Missing character: There is no Œ in font cmr8!
Missing character: There is no ∏ in font cmr8!
Missing character: There is no Œ in font cmr6!
Missing character: There is no ∏ in font cmr6!
Missing character: There is no Œ in font cmr12!
Missing character: There is no î in font cmr12!
Missing character: There is no Œ in font cmr12!
Missing character: There is no î in font cmr12!
Missing character: There is no Œ in font cmr8!
Missing character: There is no î in font cmr8!
Missing character: There is no Œ in font cmr6!
Missing character: There is no î in font cmr6!
Missing character: There is no Œ in font cmr12!
Missing character: There is no î in font cmr12!
Missing character: There is no Œ in font cmr12!
Missing character: There is no ∏ in font cmr12!
Missing character: There is no Œ in font cmr12!
Missing character: There is no î in font cmr12!
Missing character: There is no Œ in font cmr12!
Missing character: There is no ∏ in font cmr12!
<media/image7.png, id=980, 244.0755pt x 365.949pt>
File: media/image7.png Graphic file (type png)
 <use media/image7.png>
Package pdftex.def Info: media/image7.png used on input line 533.
(pdftex.def)             Requested size: 244.07489pt x 365.9481pt.


LaTeX Warning: `h' float specifier changed to `ht'.

[63]
Missing character: There is no œ in font cmr12!
Missing character: There is no â in font cmr12!
Missing character: There is no œ in font cmr12!
Missing character: There is no â in font cmr12!
Missing character: There is no œ in font cmr8!
Missing character: There is no â in font cmr8!
Missing character: There is no œ in font cmr6!
Missing character: There is no â in font cmr6!
Missing character: There is no Œ in font cmti8!
Missing character: There is no ± in font cmti8!
 [64] <media/image5.png, id=1001, 244.0755pt x 270.684pt>
File: media/image5.png Graphic file (type png)

<use media/image5.png>
Package pdftex.def Info: media/image5.png used on input line 612.
(pdftex.def)             Requested size: 244.07489pt x 270.68333pt.
 [65] [66 <./media/image4.png>] [67 <./media/image2.png>] [68 <./media/image6.p
ng>] [69 <./media/image7.png>] [70 <./media/image5.png>]
Missing character: There is no Œ in font cmti8!
Missing character: There is no ± in font cmti8!


Package hyperref Warning: Suppressing empty link on input line 625.

Missing character: There is no Œ in font cmti8!
Missing character: There is no ± in font cmti8!

Package hyperref Warning: Suppressing empty link on input line 625.

<media/image3.png, id=1034, 244.0755pt x 152.424pt>
File: media/image3.png Graphic file (type png)
 <use media/image3.png>
Package pdftex.def Info: media/image3.png used on input line 628.
(pdftex.def)             Requested size: 244.07489pt x 152.42361pt.
Missing character: There is no ¬ in font cmr12!
Missing character: There is no µ in font cmr12!

[71

 <./media/image3.png>]
Missing character: There is no √ in font cmr12!
Missing character: There is no ó in font cmr12!
Missing character: There is no ¬ in font cmr12!
Missing character: There is no µ in font cmr12!
Missing character: There is no √ in font cmr12!
Missing character: There is no ó in font cmr12!
Missing character: There is no ¬ in font cmr12!
Missing character: There is no µ in font cmr12!
 <media/image9.png, id=1051, 244.0755pt x 291.708pt>
File: media/image9.png Graphic file (type png)

<use media/image9.png>
Package pdftex.def Info: media/image9.png used on input line 677.
(pdftex.def)             Requested size: 244.07489pt x 291.70728pt.


LaTeX Warning: `h' float specifier changed to `ht'.

Missing character: There is no ¬ in font cmr12!
Missing character: There is no µ in font cmr12!
Missing character: There is no ¬ in font cmr12!
Missing character: There is no µ in font cmr12!
<media/image8.png, id=1052, 244.0755pt x 291.708pt>
File: media/image8.png Graphic file (type png)
 <use media/image8.png>
Package pdftex.def Info: media/image8.png used on input line 694.
(pdftex.def)             Requested size: 244.07489pt x 291.70728pt.


LaTeX Warning: `h' float specifier changed to `ht'.

[72] <media/image10.png, id=1061, 244.0755pt x 286.7805pt>
File: media/image10.png Graphic file (type png)

<use media/image10.png>
Package pdftex.def Info: media/image10.png used on input line 753.
(pdftex.def)             Requested size: 244.07489pt x 286.77979pt.
 <media/image11.png, id=1064, 244.0755pt x 286.7805pt>
File: media/image11.png Graphic file (type png)

<use media/image11.png>
Package pdftex.def Info: media/image11.png used on input line 768.
(pdftex.def)             Requested size: 244.07489pt x 286.77979pt.


LaTeX Warning: `h' float specifier changed to `ht'.

[73] [74 <./media/image9.png>] [75 <./media/image8.png>] [76 <./media/image10.p
ng>] [77 <./media/image11.png>]) [78

] [79]
Overfull \vbox (1991.74667pt too high) has occurred while \output is active []


[80]
<<5>>
[81

] <../Figures/XFEL.png, id=1175, 698.61pt x 679.53876pt>
File: ../Figures/XFEL.png Graphic file (type png)

<use ../Figures/XFEL.png>
Package pdftex.def Info: ../Figures/XFEL.png used on input line 849.
(pdftex.def)             Requested size: 349.30414pt x 339.76855pt.


LaTeX Warning: `h' float specifier changed to `ht'.

[82] [83] <../Figures/2cxrd.png, id=1195, 656.6934pt x 321.3606pt>
File: ../Figures/2cxrd.png Graphic file (type png)

<use ../Figures/2cxrd.png>
Package pdftex.def Info: ../Figures/2cxrd.png used on input line 878.
(pdftex.def)             Requested size: 459.68225pt x 224.95087pt.


LaTeX Warning: `h' float specifier changed to `ht'.

[84] [85] <../Figures/wdc.png, id=1222, 399.1275pt x 505.89pt>
File: ../Figures/wdc.png Graphic file (type png)

<use ../Figures/wdc.png>
Package pdftex.def Info: ../Figures/wdc.png used on input line 913.
(pdftex.def)             Requested size: 279.38733pt x 354.12057pt.


LaTeX Warning: `h' float specifier changed to `ht'.

[86] [87 <../Figures/XFEL.png>] [88 <../Figures/2cxrd.png>] [89 <../Figures/wdc
.png>] [90

] [91] <../Figures/fe3o4_xrd.png, id=1267, 263.1285pt x 518.373pt>
File: ../Figures/fe3o4_xrd.png Graphic file (type png)

<use ../Figures/fe3o4_xrd.png>
Package pdftex.def Info: ../Figures/fe3o4_xrd.png used on input line 958.
(pdftex.def)             Requested size: 263.12784pt x 518.37173pt.


LaTeX Warning: Float too large for page by 34.73506pt on input line 959.


LaTeX Warning: `h' float specifier changed to `ht'.

[92] [93 <../Figures/fe3o4_xrd.png>]
<../Figures/fe3o4_debye.png, id=1288, 246.7035pt x 338.6835pt>
File: ../Figures/fe3o4_debye.png Graphic file (type png)

<use ../Figures/fe3o4_debye.png>
Package pdftex.def Info: ../Figures/fe3o4_debye.png used on input line 971.
(pdftex.def)             Requested size: 246.7029pt x 338.68266pt.
 [94

 <../Figures/fe3o4_debye.png>] [95]
<<6>>
(../pandoc/MgO.tex [96

]
Missing character: There is no Œ in font cmr12!
Missing character: There is no ì in font cmr12!
 [97] [98] [99]
Missing character: There is no ¬ in font cmr12!
Missing character: There is no µ in font cmr12!
Missing character: There is no ¬ in font cmr12!
Missing character: There is no µ in font cmr12!
 [100]
Missing character: There is no ¬ in font cmr12!
Missing character: There is no µ in font cmr12!
Missing character: There is no ¬ in font cmr12!
Missing character: There is no µ in font cmr12!
 [101] [102] [103] [104]
<MgO_2.2.docx1502866987/media/image1.png, id=1343, 285.795pt x 334.7415pt>
File: MgO_2.2.docx1502866987/media/image1.png Graphic file (type png)

<use MgO_2.2.docx1502866987/media/image1.png>
Package pdftex.def Info: MgO_2.2.docx1502866987/media/image1.png used on input 
line 391.
(pdftex.def)             Requested size: 285.7943pt x 334.74068pt.
 [105] [106 <./MgO_2.2.docx1502866987/media/image1.png>] [107] [108]
<MgO_2.2.docx1502866987/media/image2.png, id=1362, 223.58531pt x 307.1475pt>
File: MgO_2.2.docx1502866987/media/image2.png Graphic file (type png)

<use MgO_2.2.docx1502866987/media/image2.png>
Package pdftex.def Info: MgO_2.2.docx1502866987/media/image2.png used on input 
line 496.
(pdftex.def)             Requested size: 223.58475pt x 307.14674pt.
 [109 <./MgO_2.2.docx1502866987/media/image2.png>]
Missing character: There is no √ in font cmr12!
Missing character: There is no Ø in font cmr12!
 [110] [111]
<MgO_2.2.docx1502866987/media/image3.png, id=1384, 220.4235pt x 158.6655pt>
File: MgO_2.2.docx1502866987/media/image3.png Graphic file (type png)

<use MgO_2.2.docx1502866987/media/image3.png>
Package pdftex.def Info: MgO_2.2.docx1502866987/media/image3.png used on input 
line 616.
(pdftex.def)             Requested size: 220.42294pt x 158.66508pt.

<MgO_2.2.docx1502866987/media/image4.png, id=1385, 224.3655pt x 153.4095pt>
File: MgO_2.2.docx1502866987/media/image4.png Graphic file (type png)

<use MgO_2.2.docx1502866987/media/image4.png>
Package pdftex.def Info: MgO_2.2.docx1502866987/media/image4.png used on input 
line 625.
(pdftex.def)             Requested size: 224.36493pt x 153.4091pt.
 [112 <./MgO_2.2.docx1502866987/media/image3.png>] [113 <./MgO_2.2.docx15028669
87/media/image4.png>] [114]
Underfull \hbox (badness 10000) in paragraph at lines 708--709

 []

Missing character: There is no √ in font cmr12!
Missing character: There is no © in font cmr12!
Missing character: There is no √ in font cmr12!
Missing character: There is no ∂ in font cmr12!
[115]
Missing character: There is no √ in font cmr12!
Missing character: There is no ° in font cmr12!
Missing character: There is no √ in font cmr12!
Missing character: There is no º in font cmr12!
Missing character: There is no √ in font cmr12!
Missing character: There is no ∂ in font cmr12!
 [116]) [117]
<<7>>
(../pandoc/cmos1.texpdfTeX warning (ext4): destination with the same identifier
 (name{OLEux5fLINK5}) has been already used, duplicate ignored
<to be read again> 
                   \relax 
l.10 \hyperdef{}{OLEux5fLINK5}{}
                                {\hyperdef{}{OLEux5fLINK6}{}{}}pdfTeX warning (
ext4): destination with the same identifier (name{OLEux5fLINK14}) has been alre
ady used, duplicate ignored
<to be read again> 
                   \relax 
l.24 ...ux5fLINK13}{}{\hyperdef{}{OLEux5fLINK14}{}
                                                  {}}}5-¬µm
Missing character: There is no ¬ in font cmr12!
Missing character: There is no µ in font cmr12!
pdfTeX warning (ext4): destination with the same identifier (name{OLEux5fLINK18
}) has been already used, duplicate ignored
<to be read again> 
                   \relax 
l.32 \hyperdef{}{OLEux5fLINK18}{}
                                 {\hyperdef{}{OLEux5fLINK19}{}{}}The

LaTeX Warning: Hyper reference `ux5fENREFux5f1' on page 118 undefined on input 
line 38.


LaTeX Warning: Hyper reference `ux5fENREFux5f4' on page 118 undefined on input 
line 39.


LaTeX Warning: Hyper reference `ux5fENREFux5f7' on page 118 undefined on input 
line 40.


LaTeX Warning: Hyper reference `ux5fENREFux5f12' on page 118 undefined on input
 line 42.

[118

]

LaTeX Warning: Hyper reference `ux5fENREFux5f13' on page 119 undefined on input
 line 58.


LaTeX Warning: Hyper reference `ux5fENREFux5f16' on page 119 undefined on input
 line 68.


LaTeX Warning: Hyper reference `ux5fENREFux5f17' on page 119 undefined on input
 line 71.


LaTeX Warning: Hyper reference `ux5fENREFux5f18' on page 119 undefined on input
 line 79.

[119]
Missing character: There is no ¬ in font cmr12!
Missing character: There is no µ in font cmr12!
pdfTeX warning (ext4): destination with the same identifier (name{OLEux5fLINK1}
) has been already used, duplicate ignored
<to be read again> 
                   \relax 
l.118 \hyperdef{}{OLEux5fLINK1}{}
                                 {}\includegraphics{cmos1/image1.png}
<cmos1/image1.png, id=1429, 243.7908pt x 213.1965pt>
File: cmos1/image1.png Graphic file (type png)
 <use cmos1/image1.png>
Package pdftex.def Info: cmos1/image1.png used on input line 118.
(pdftex.def)             Requested size: 243.7902pt x 213.19597pt.


LaTeX Warning: `h' float specifier changed to `ht'.

<cmos1/image2.png, id=1430, 243.7908pt x 369.5406pt>
File: cmos1/image2.png Graphic file (type png)
 <use cmos1/image2.png>
Package pdftex.def Info: cmos1/image2.png used on input line 128.
(pdftex.def)             Requested size: 243.7902pt x 369.53969pt.


LaTeX Warning: `h' float specifier changed to `ht'.

[120] [121 <./cmos1/image1.png (PNG copy)>] [122 <./cmos1/image2.png>]

LaTeX Warning: Hyper reference `ux5fENREFux5f13' on page 123 undefined on input
 line 145.


LaTeX Warning: Hyper reference `ux5fENREFux5f19' on page 123 undefined on input
 line 146.

pdfTeX warning (ext4): destination with the same identifier (name{OLEux5fLINK2}
) has been already used, duplicate ignored
<to be read again> 
                   \relax 
l.157 \hyperdef{}{OLEux5fLINK2}{}
                                 {\hyperdef{}{OLEux5fLINK3}{}{\hyperdef{}{OL...
pdfTeX warning (ext4): destination with the same identifier (name{OLEux5fLINK15
}) has been already used, duplicate ignored
<to be read again> 
                   \relax 
l.157 ...ux5fLINK4}{}{\hyperdef{}{OLEux5fLINK15}{}
                                                  {\hyperdef{}{OLEux5fLINK16...
pdfTeX warning (ext4): destination with the same identifier (name{OLEux5fLINK16
}) has been already used, duplicate ignored
<to be read again> 
                   \relax 
l.157 ...x5fLINK15}{}{\hyperdef{}{OLEux5fLINK16}{}
                                                  {\hyperdef{}{OLEux5fLINK17...
pdfTeX warning (ext4): destination with the same identifier (name{OLEux5fLINK17
}) has been already used, duplicate ignored
<to be read again> 
                   \relax 
l.157 ...x5fLINK16}{}{\hyperdef{}{OLEux5fLINK17}{}
                                                  {\hyperdef{}{OLEux5fLINK20...
[123

]

LaTeX Warning: Hyper reference `ux5fENREFux5f9' on page 124 undefined on input 
line 195.


LaTeX Warning: Hyper reference `ux5fENREFux5f14' on page 124 undefined on input
 line 201.


LaTeX Warning: Hyper reference `ux5fENREFux5f10' on page 124 undefined on input
 line 201.


LaTeX Warning: Hyper reference `ux5fENREFux5f20' on page 124 undefined on input
 line 202.


LaTeX Warning: Hyper reference `ux5fENREFux5f14' on page 124 undefined on input
 line 217.


LaTeX Warning: Hyper reference `ux5fENREFux5f14' on page 124 undefined on input
 line 217.

<cmos1/image3.png, id=1471, 243.7908pt x 390.4989pt>
File: cmos1/image3.png Graphic file (type png)
 <use cmos1/image3.png>
Package pdftex.def Info: cmos1/image3.png used on input line 219.
(pdftex.def)             Requested size: 243.7902pt x 390.49794pt.


LaTeX Warning: `h' float specifier changed to `ht'.

[124] [125 <./cmos1/image3.png>]
Missing character: There is no √ in font cmr12!
Missing character: There is no º in font cmr12!
 [126

]
Missing character: There is no √ in font cmr12!
Missing character: There is no º in font cmr12!
Missing character: There is no √ in font cmr12!
Missing character: There is no ≥ in font cmr12!
Missing character: There is no ƒ in font cmr12!
Missing character: There is no ç in font cmr12!
Missing character: There is no ƒ in font cmr12!
Missing character: There is no ç in font cmr12!
Missing character: There is no √ in font cmr12!
Missing character: There is no º in font cmr12!
Missing character: There is no ≈ in font cmr12!
Missing character: There is no Ω in font cmr12!
Missing character: There is no ƒ in font cmr12!
Missing character: There is no ç in font cmr12!
Missing character: There is no √ in font cmr12!
Missing character: There is no ™ in font cmr12!
 [127]) [128]
<<8>>
(./cmos2.tex [129

]
Missing character: There is no ¬ in font cmr12!
Missing character: There is no µ in font cmr12!
 [130]
Missing character: There is no ¬ in font cmr12!
Missing character: There is no µ in font cmr12!
Missing character: There is no √ in font cmr12!
Missing character: There is no ó in font cmr12!

<NewCameraPaper_1.10.docx1502867018/media/image1.jpeg, id=1531, 314.3745pt x 17
5.419pt>
File: NewCameraPaper_1.10.docx1502867018/media/image1.jpeg Graphic file (type j
pg)
 <use NewCameraPaper_1.10.docx1502867018/media/image1.jpeg>
Package pdftex.def Info: NewCameraPaper_1.10.docx1502867018/media/image1.jpeg u
sed on input line 115.
(pdftex.def)             Requested size: 314.37372pt x 175.41856pt.
 [131]
[132 <./NewCameraPaper_1.10.docx1502867018/media/image1.jpeg>]
<NewCameraPaper_1.10.docx1502867018/media/image2.png, id=1543, 431.36156pt x 42
7.5975pt>
File: NewCameraPaper_1.10.docx1502867018/media/image2.png Graphic file (type pn
g)
 <use NewCameraPaper_1.10.docx1502867018/media/image2.png>
Package pdftex.def Info: NewCameraPaper_1.10.docx1502867018/media/image2.png us
ed on input line 159.
(pdftex.def)             Requested size: 215.68025pt x 213.79822pt.
 [133 <./NewCameraPaper_1.10.docx1502867018/media/image2.png>]
<NewCameraPaper_1.10.docx1502867018/media/image3.png, id=1549, 225.9642pt x 168
.3891pt>
File: NewCameraPaper_1.10.docx1502867018/media/image3.png Graphic file (type pn
g)
 <use NewCameraPaper_1.10.docx1502867018/media/image3.png>
Package pdftex.def Info: NewCameraPaper_1.10.docx1502867018/media/image3.png us
ed on input line 212.
(pdftex.def)             Requested size: 225.96364pt x 168.38867pt.
 [134]
Missing character: There is no √ in font cmr12!
Missing character: There is no ó in font cmr12!

<NewCameraPaper_1.10.docx1502867018/media/image4.png, id=1555, 242.1045pt x 177
.7185pt>
File: NewCameraPaper_1.10.docx1502867018/media/image4.png Graphic file (type pn
g)
 <use NewCameraPaper_1.10.docx1502867018/media/image4.png>
Package pdftex.def Info: NewCameraPaper_1.10.docx1502867018/media/image4.png us
ed on input line 222.
(pdftex.def)             Requested size: 242.10391pt x 177.71805pt.

<NewCameraPaper_1.10.docx1502867018/media/image5.png, id=1556, 361.35pt x 251.9
4125pt>
File: NewCameraPaper_1.10.docx1502867018/media/image5.png Graphic file (type pn
g)
 <use NewCameraPaper_1.10.docx1502867018/media/image5.png>
Package pdftex.def Info: NewCameraPaper_1.10.docx1502867018/media/image5.png us
ed on input line 232.
(pdftex.def)             Requested size: 361.34912pt x 251.94063pt.
 [135 <./NewCameraPaper_1.10.docx1502867018/media/image3.png> <./NewCameraPaper
_1.10.docx1502867018/media/image4.png>]
Missing character: There is no Œ in font cmr12!
Missing character: There is no ± in font cmr12!
Missing character: There is no Œ in font cmr12!
Missing character: There is no ± in font cmr12!
Missing character: There is no Œ in font cmr12!
Missing character: There is no ± in font cmr12!

<NewCameraPaper_1.10.docx1502867018/media/image6.png, id=1563, 235.206pt x 147.
4965pt>
File: NewCameraPaper_1.10.docx1502867018/media/image6.png Graphic file (type pn
g)
 <use NewCameraPaper_1.10.docx1502867018/media/image6.png>
Package pdftex.def Info: NewCameraPaper_1.10.docx1502867018/media/image6.png us
ed on input line 261.
(pdftex.def)             Requested size: 235.20541pt x 147.49614pt.
 [136 <./NewCameraPaper_1.10.docx1502867018/media/image5.png>]
Missing character: There is no Œ in font cmr12!
Missing character: There is no ± in font cmr12!

<NewCameraPaper_1.10.docx1502867018/media/image7.png, id=1568, 242.1045pt x 480
.5955pt>
File: NewCameraPaper_1.10.docx1502867018/media/image7.png Graphic file (type pn
g)
 <use NewCameraPaper_1.10.docx1502867018/media/image7.png>
Package pdftex.def Info: NewCameraPaper_1.10.docx1502867018/media/image7.png us
ed on input line 292.
(pdftex.def)             Requested size: 242.10391pt x 480.59433pt.
 [137 <./NewCameraPaper_1.10.docx1502867018/media/image6.png>]
Missing character: There is no Œ in font cmr12!
Missing character: There is no ± in font cmr12!
Missing character: There is no Œ in font cmr12!
Missing character: There is no ± in font cmr12!
Missing character: There is no Œ in font cmr12!
Missing character: There is no ± in font cmr12!
 [138 <./NewCameraPaper_1.10.docx1502867018/media/image7.png>] [139]
Overfull \hbox (28.7367pt too wide) in paragraph at lines 346--348
[]$[]$\OT1/cmr/m/n/12 F. Nach-trab, et al., \OT1/cmr/m/it/12 Pro-ceed-ings of N
u-clear Sci-ence Sym-po-sium Con-fer-ence Record (NSS/MIC),
 []

) (./lcls_tools.tex [140]
<<9>>
[141

] <../Figures/UWXAP_block_diagram.png, id=1591, 322.95656pt x 431.36156pt>
File: ../Figures/UWXAP_block_diagram.png Graphic file (type png)

<use ../Figures/UWXAP_block_diagram.png>
Package pdftex.def Info: ../Figures/UWXAP_block_diagram.png used on input line 
24.
(pdftex.def)             Requested size: 290.6582pt x 388.22182pt.


LaTeX Warning: `h' float specifier changed to `ht'.

[142] [143 <../Figures/UWXAP_block_diagram.png>]
<../Figures/UWXAP_si_screenshot.png, id=1602, 534.49687pt x 509.65407pt>
File: ../Figures/UWXAP_si_screenshot.png Graphic file (type png)

<use ../Figures/UWXAP_si_screenshot.png>
Package pdftex.def Info: ../Figures/UWXAP_si_screenshot.png used on input line 
37.
(pdftex.def)             Requested size: 427.59807pt x 407.7238pt.


LaTeX Warning: `h' float specifier changed to `ht'.

[144]) [145] [146 <../Figures/UWXAP_si_screenshot.png>] [147



]
Overfull \hbox (11.80084pt too wide) in paragraph at lines 1000--1000
\OT1/cmr/m/n/12 in-er-tial con-fine-ment fu-sion hohlraums''. In: \OT1/cmr/m/it
/12 Phys-i-cal re-view let-ters \OT1/cmr/m/n/12 106.8 (2011), p. 085004. 
 []

[148]
Overfull \hbox (2.14957pt too wide) in paragraph at lines 1000--1000
[]\OT1/cmr/m/n/12 Junzo Chi-hara. ``In-ter-ac-tion of pho-tons with plas-mas an
d liq-uid metals-photoabsorption
 []

[149] [150]
Missing character: There is no ‚ in font cmr12!
Missing character: There is no Ä in font cmr12!
Missing character: There is no î in font cmr12!

Overfull \hbox (16.66748pt too wide) in paragraph at lines 1000--1000
[]\OT1/cmr/m/n/12 Fritz Sauter. ``[]Uber den atom-aren Pho-to-ef-fekt bei gro^^
Yer H^^?arte der an-re-gen-den Strahlung''.
 []


Overfull \hbox (20.69255pt too wide) in paragraph at lines 1000--1000
[]\OT1/cmr/m/n/12 Friedrich Lenz. ``Zur Streu-ung mit-telschneller Elek-tro-nen
 in kle-in-ste Winkel''. In: \OT1/cmr/m/it/12 Zeitschrift
 []

[151] [152] [153]
Package atveryend Info: Empty hook `BeforeClearDocument' on input line 1003.
 [154]
Package atveryend Info: Empty hook `AfterLastShipout' on input line 1003.
 (./uwthesis.aux)
Package atveryend Info: Executing hook `AtVeryEndDocument' on input line 1003.
Package atveryend Info: Executing hook `AtEndAfterFileList' on input line 1003.

Package rerunfilecheck Info: File `uwthesis.out' has not changed.
(rerunfilecheck)             Checksum: 685A79C223AF8B40AD5BA5D620899627;3810.


LaTeX Warning: There were undefined references.

Package logreq Info: Writing requests to 'uwthesis.run.xml'.
\openout1 = `uwthesis.run.xml'.

 ) 
Here is how much of TeX's memory you used:
 12702 strings out of 493339
 209486 string characters out of 6141382
 469727 words of memory out of 5000000
 15414 multiletter control sequences out of 15000+600000
 10762 words of font info for 38 fonts, out of 8000000 for 9000
 953 hyphenation exceptions out of 8191
 37i,16n,49p,1892b,1070s stack positions out of 5000i,500n,10000p,200000b,80000s
</usr/share/texlive/texmf-dist/fonts/type1/public/amsfonts/cm/cmbx12.pfb></us
r/share/texlive/texmf-dist/fonts/type1/public/amsfonts/cm/cmbx6.pfb></usr/share
/texlive/texmf-dist/fonts/type1/public/amsfonts/cm/cmbx8.pfb></usr/share/texliv
e/texmf-dist/fonts/type1/public/amsfonts/cm/cmbxsl10.pfb></usr/share/texlive/te
xmf-dist/fonts/type1/public/amsfonts/cm/cmcsc10.pfb></usr/share/texlive/texmf-d
ist/fonts/type1/public/amsfonts/cm/cmex10.pfb></usr/share/texlive/texmf-dist/fo
nts/type1/public/amsfonts/cm/cmmi12.pfb></usr/share/texlive/texmf-dist/fonts/ty
pe1/public/amsfonts/cm/cmmi6.pfb></usr/share/texlive/texmf-dist/fonts/type1/pub
lic/amsfonts/cm/cmmi8.pfb></usr/share/texlive/texmf-dist/fonts/type1/public/ams
fonts/cm/cmr12.pfb></usr/share/texlive/texmf-dist/fonts/type1/public/amsfonts/c
m/cmr17.pfb></usr/share/texlive/texmf-dist/fonts/type1/public/amsfonts/cm/cmr6.
pfb></usr/share/texlive/texmf-dist/fonts/type1/public/amsfonts/cm/cmr8.pfb></us
r/share/texlive/texmf-dist/fonts/type1/public/amsfonts/cm/cmsl12.pfb></usr/shar
e/texlive/texmf-dist/fonts/type1/public/amsfonts/cm/cmsy10.pfb></usr/share/texl
ive/texmf-dist/fonts/type1/public/amsfonts/cm/cmsy6.pfb></usr/share/texlive/tex
mf-dist/fonts/type1/public/amsfonts/cm/cmsy8.pfb></usr/share/texlive/texmf-dist
/fonts/type1/public/amsfonts/cm/cmti12.pfb></usr/share/texlive/texmf-dist/fonts
/type1/public/amsfonts/cm/cmti8.pfb></usr/share/texlive/texmf-dist/fonts/type1/
public/amsfonts/cm/cmtt12.pfb>
Output written on uwthesis.pdf (161 pages, 10465551 bytes).
PDF statistics:
 1848 PDF objects out of 2073 (max. 8388607)
 1550 compressed objects within 16 object streams
 546 named destinations out of 1000 (max. 500000)
 685 words of extra memory for PDF output out of 10000 (max. 10000000)

