\BOOKMARK [0][-]{chapter.1}{\376\377\000I\000n\000t\000r\000o\000d\000u\000c\000t\000i\000o\000n}{}% 1
\BOOKMARK [1][-]{section.3}{\376\377\000M\000o\000t\000i\000v\000a\000t\000i\000o\000n\000s\000\040\000f\000o\000r\000\040\000s\000t\000u\000d\000y\000\040\000o\000f\000\040\000W\000D\000M}{chapter.1}% 2
\BOOKMARK [2][-]{subsection.4}{\376\377\000A\000s\000t\000r\000o\000p\000h\000y\000s\000i\000c\000a\000l\000\040\000m\000o\000d\000e\000l\000i\000n\000g}{section.3}% 3
\BOOKMARK [2][-]{subsection.6}{\376\377\000I\000n\000e\000r\000t\000i\000a\000l\000\040\000C\000o\000n\000f\000i\000n\000e\000m\000e\000n\000t\000\040\000F\000u\000s\000i\000o\000n}{section.3}% 4
\BOOKMARK [1][-]{section.8}{\376\377\000E\000x\000p\000e\000r\000i\000m\000e\000n\000t\000a\000l\000\040\000G\000e\000n\000e\000r\000a\000t\000i\000o\000n\000\040\000o\000f\000\040\000W\000D\000M}{chapter.1}% 5
\BOOKMARK [2][-]{subsection.9}{\376\377\000L\000o\000n\000g\000-\000p\000u\000l\000s\000e\000\040\000l\000a\000s\000e\000r\000s}{section.8}% 6
\BOOKMARK [2][-]{subsection.10}{\376\377\000S\000h\000o\000r\000t\000-\000p\000u\000l\000s\000e\000\040\000l\000a\000s\000e\000r\000s}{section.8}% 7
\BOOKMARK [2][-]{subsection.11}{\376\377\000X\000-\000R\000a\000y\000\040\000F\000r\000e\000e\000\040\000E\000l\000e\000c\000t\000r\000o\000n\000\040\000L\000a\000s\000e\000r\000s}{section.8}% 8
\BOOKMARK [1][-]{section.12}{\376\377\000X\000-\000r\000a\000y\000\040\000d\000i\000a\000g\000n\000o\000s\000t\000i\000c\000s\000\040\000o\000f\000\040\000W\000D\000M}{chapter.1}% 9
\BOOKMARK [2][-]{subsection.13}{\376\377\000S\000c\000a\000t\000t\000e\000r\000i\000n\000g}{section.12}% 10
\BOOKMARK [2][-]{subsection.18}{\376\377\000C\000o\000h\000e\000r\000e\000n\000t\000\040\000S\000c\000a\000t\000t\000e\000r\000i\000n\000g}{section.12}% 11
\BOOKMARK [2][-]{subsection.21}{\376\377\000X\000-\000r\000a\000y\000\040\000a\000b\000s\000o\000r\000p\000t\000i\000o\000n}{section.12}% 12
\BOOKMARK [2][-]{subsection.23}{\376\377\000X\000-\000r\000a\000y\000\040\000E\000m\000i\000s\000s\000i\000o\000n\000\040\000a\000n\000d\000\040\000X\000-\000r\000a\000y\000\040\000F\000l\000u\000o\000r\000e\000s\000c\000e\000n\000c\000e}{section.12}% 13
\BOOKMARK [1][-]{section.25}{\376\377\000D\000i\000s\000s\000e\000r\000t\000a\000t\000i\000o\000n\000\040\000O\000u\000t\000l\000i\000n\000e}{chapter.1}% 14
\BOOKMARK [0][-]{chapter.26}{\376\377\000P\000h\000y\000s\000i\000c\000s\000\040\000o\000f\000\040\000P\000E\000N\000E\000L\000O\000P\000E}{}% 15
\BOOKMARK [1][-]{section.27}{\376\377\000T\000y\000p\000e\000s\000\040\000o\000f\000\040\000i\000n\000t\000e\000r\000a\000c\000t\000i\000o\000n\000s}{chapter.26}% 16
\BOOKMARK [2][-]{subsection.30}{\376\377\000F\000l\000u\000o\000r\000e\000s\000c\000e\000n\000c\000e}{section.27}% 17
\BOOKMARK [3][-]{section*.32}{\376\377\000A\000s\000s\000u\000m\000p\000t\000i\000o\000n\000s}{subsection.30}% 18
\BOOKMARK [2][-]{subsection.33}{\376\377\000E\000l\000a\000s\000t\000i\000c\000\040\000s\000c\000a\000t\000t\000e\000r\000i\000n\000g}{section.27}% 19
\BOOKMARK [1][-]{section.39}{\376\377\000I\000n\000e\000l\000a\000s\000t\000i\000c\000\040\000s\000c\000a\000t\000t\000e\000r\000i\000n\000g}{chapter.26}% 20
\BOOKMARK [2][-]{subsection.46}{\376\377\000D\000i\000e\000l\000e\000c\000t\000r\000i\000c\000\040\000f\000u\000n\000c\000t\000i\000o\000n}{section.39}% 21
\BOOKMARK [2][-]{subsection.49}{\376\377\000M\000o\000d\000e\000l\000i\000n\000g\000\040\000t\000h\000e\000\040\000g\000e\000n\000e\000r\000a\000l\000i\000z\000e\000d\000\040\000o\000s\000c\000i\000l\000l\000a\000t\000o\000r\000\040\000s\000t\000r\000e\000n\000g\000t\000h}{section.39}% 22
\BOOKMARK [1][-]{section.51}{\376\377\000A\000c\000c\000u\000r\000a\000c\000y\000\040\000a\000n\000d\000\040\000u\000s\000e\000f\000u\000l\000\040\000r\000e\000g\000i\000m\000e\000s}{chapter.26}% 23
\BOOKMARK [2][-]{subsection.52}{\376\377\000L\000o\000w\000-\000e\000n\000e\000r\000g\000y\000\040\000l\000o\000s\000s\000\040\000D\000C\000S}{section.51}% 24
\BOOKMARK [2][-]{subsection.54}{\376\377\000E\000n\000e\000r\000g\000y\000\040\000c\000u\000t\000o\000f\000f\000s}{section.51}% 25
\BOOKMARK [2][-]{subsection.55}{\376\377\000E\000l\000a\000s\000t\000i\000c\000\040\000s\000c\000a\000t\000t\000e\000r\000i\000n\000g}{section.51}% 26
\BOOKMARK [1][-]{section.56}{\376\377\000I\000n\000e\000l\000a\000s\000t\000i\000c\000\040\000s\000c\000a\000t\000t\000e\000r\000i\000n\000g}{chapter.26}% 27
\BOOKMARK [1][-]{section.58}{\376\377\000D\000o\000s\000i\000m\000e\000t\000r\000y}{chapter.26}% 28
