This is pdfTeX, Version 3.14159265-2.6-1.40.15 (TeX Live 2014) (preloaded format=pdflatex 2016.6.20)  9 AUG 2016 18:23
entering extended mode
 restricted \write18 enabled.
 %&-line parsing enabled.
**penelope2.tex
(./penelope2.tex
LaTeX2e <2011/06/27>
Babel <3.9k> and hyphenation patterns for 75 languages loaded.
! Undefined control sequence.
l.3 \chapter
            {Chapter Title Here} % Main chapter title
? 
! Interruption.
<to be read again> 
                   {
l.3 \chapter{
             Chapter Title Here} % Main chapter title
? c
Type <return> to proceed, S to scroll future error messages,
R to run without stopping, Q to run quietly,
I to insert something, E to edit your file,
H for help, X to quit.
? z
Type <return> to proceed, S to scroll future error messages,
R to run without stopping, Q to run quietly,
I to insert something, E to edit your file,
H for help, X to quit.
? x
 
Here is how much of TeX's memory you used:
 5 strings out of 493339
 135 string characters out of 6141382
 51450 words of memory out of 5000000
 3556 multiletter control sequences out of 15000+600000
 3640 words of font info for 14 fonts, out of 8000000 for 9000
 953 hyphenation exceptions out of 8191
 5i,0n,1p,67b,8s stack positions out of 5000i,500n,10000p,200000b,80000s
No pages of output.
PDF statistics:
 0 PDF objects out of 1000 (max. 8388607)
 0 named destinations out of 1000 (max. 500000)
 1 words of extra memory for PDF output out of 10000 (max. 10000000)

